<?xml version="1.0" encoding="UTF-8"?>
<testsuites name="Setup" time="4" tests="1" failures="0" errors="0">
   <testsuite name="Setup" tests="1" failures="0" errors="0" time="4" timestamp="2019-04-18 21:29:43" hostname="mooren2 - IP-C0A88286.reacts2.aws" id="Test Suites/Setup">
      <properties>
         <property name="deviceName" value=""/>
         <property name="devicePlatform" value=""/>
         <property name="logFolder" value="D:\\Users\\mooren2\\Katalon Studio\\First Project\\Reports\\Setup\\20190418_212941"/>
         <property name="logFiles" value="D:\\Users\\mooren2\\Katalon Studio\\First Project\\Reports\\Setup\\20190418_212941\\execution0.log"/>
         <property name="attachments" value=""/>
         <property name="hostName" value="mooren2 - IP-C0A88286.reacts2.aws"/>
         <property name="os" value="Windows Server 2008 R2 64bit"/>
         <property name="katalonVersion" value="6.1.1.1"/>
         <property name="browser" value="Firefox 66.0"/>
         <property name="hostAddress" value="172.16.0.128"/>
         <property name="sessionId" value="67d6bf7e-2dcd-44f7-a86f-011d28afaf49"/>
         <property name="seleniumVersion" value="3.7.1"/>
         <property name="proxyInformation" value="ProxyInformation{proxyOption=NO_PROXY, proxyServerType=HTTP, password=, proxyServerAddress=, proxyServerPort=0}"/>
         <property name="platform" value="Windows Server 2008 R2"/>
      </properties>
      <testcase name="Test Cases/Setup" classname="Test Cases/Setup" status="PASSED">
         <system-out><![CDATA[2019-04-18 21:29:43 - [TEST_CASE][PASSED] - Test Cases/Setup: Test Cases/Setup

2019-04-18 21:29:44 - [TEST_STEP][PASSED] - openBrowser(""): Browser is opened with url: ''

2019-04-18 21:29:44 - [MESSAGE][INFO] - Starting 'Firefox' driver

2019-04-18 21:29:44 - [MESSAGE][INFO] - Action delay is set to 0 seconds

2019-04-18 21:29:47 - [MESSAGE][PASSED] - Browser is opened with url: ''

2019-04-18 21:29:47 - [TEST_STEP][PASSED] - closeBrowser(): Browser is closed

2019-04-18 21:29:48 - [MESSAGE][PASSED] - Browser is closed]]></system-out>
         <system-err><![CDATA[]]></system-err>
      </testcase>
      <system-out><![CDATA[2019-04-18 21:29:43 - [TEST_SUITE][PASSED] - Setup: Test Cases/Setup]]></system-out>
      <system-err><![CDATA[]]></system-err>
   </testsuite>
</testsuites>
